2023-08-11 03:04:00.193+0000 INFO  Starting...
2023-08-11 03:04:01.130+0000 INFO  This instance is ServerId{f6610d0f} (f6610d0f-f737-4401-8ccd-4fd0b6c40025)
2023-08-11 03:04:01.869+0000 INFO  ======== Neo4j 5.10.0 ========
2023-08-11 03:04:04.030+0000 INFO  Bolt enabled on 0.0.0.0:7687.
2023-08-11 03:04:04.663+0000 INFO  Remote interface available at http://localhost:7474/
2023-08-11 03:04:04.666+0000 INFO  id: 34C89608E1A90144B0459952EB480CCA40A2092D8BABDC8738AF7570D72300F4
2023-08-11 03:04:04.667+0000 INFO  name: system
2023-08-11 03:04:04.667+0000 INFO  creationDate: 2023-08-11T03:04:02.466Z
2023-08-11 03:04:04.667+0000 INFO  Started.
2023-08-11 03:49:34.377+0000 INFO  Neo4j Server shutdown initiated by request
2023-08-11 03:49:34.378+0000 INFO  Stopping...
2023-08-11 03:49:40.163+0000 INFO  Stopped.
2023-08-17 01:26:36.758+0000 INFO  Starting...
2023-08-17 01:26:37.722+0000 INFO  This instance is ServerId{50f3c1de} (50f3c1de-eee8-467a-942d-1bc050a33675)
2023-08-17 01:26:38.558+0000 INFO  ======== Neo4j 5.10.0 ========
2023-08-17 01:26:41.159+0000 INFO  Bolt enabled on 0.0.0.0:7687.
2023-08-17 01:26:41.834+0000 INFO  Remote interface available at http://localhost:7474/
2023-08-17 01:26:41.836+0000 INFO  id: 5E92C1B21D391B2FA7DA8A65C65111DF92B8F54505CD7A69BDD2637912366368
2023-08-17 01:26:41.837+0000 INFO  name: system
2023-08-17 01:26:41.837+0000 INFO  creationDate: 2023-08-17T01:26:39.34Z
2023-08-17 01:26:41.837+0000 INFO  Started.
2023-08-17 01:27:01.727+0000 INFO  Neo4j Server shutdown initiated by request
2023-08-17 01:27:01.727+0000 INFO  Stopping...
2023-08-17 01:27:07.740+0000 INFO  Stopped.
2023-08-17 01:28:05.964+0000 INFO  Starting...
2023-08-17 01:28:06.808+0000 INFO  This instance is ServerId{2d3602ba} (2d3602ba-f13f-4f03-a18c-b390c32fadfd)
2023-08-17 01:28:07.584+0000 INFO  ======== Neo4j 5.10.0 ========
2023-08-17 01:28:09.861+0000 INFO  Bolt enabled on 0.0.0.0:7687.
2023-08-17 01:28:10.492+0000 INFO  Remote interface available at http://localhost:7474/
2023-08-17 01:28:10.495+0000 INFO  id: 36B7D00CAB6C1E20F892673832FFD1A8EF49AE9021FE9DF0563DB5A87C5756F8
2023-08-17 01:28:10.495+0000 INFO  name: system
2023-08-17 01:28:10.495+0000 INFO  creationDate: 2023-08-17T01:28:08.254Z
2023-08-17 01:28:10.495+0000 INFO  Started.
